Traceback (most recent call last):
  File "D:\MCTS-AHD-master\problems\tsp_constructive\eval.py", line 11, in <module>
    from gpt import select_next_node_v2 as select_next_node
  File "D:\MCTS-AHD-master\problems\tsp_constructive\gpt.py", line 1
    importance, similar to No.2 but with smoother weight transitions and more emphasis on centrality early in the tour.}
                                                                                                                       ^
SyntaxError: unmatched '}'

During handling of the above exception, another exception occurred:

Traceback (most recent call last):
  File "D:\MCTS-AHD-master\problems\tsp_constructive\eval.py", line 13, in <module>
    from gpt import select_next_node
  File "D:\MCTS-AHD-master\problems\tsp_constructive\gpt.py", line 1
    importance, similar to No.2 but with smoother weight transitions and more emphasis on centrality early in the tour.}
                                                                                                                       ^
SyntaxError: unmatched '}'
