Traceback (most recent call last):
  File "D:\MCTS-AHD-master\problems\tsp_constructive\eval.py", line 11, in <module>
    from gpt import select_next_node_v2 as select_next_node
  File "D:\MCTS-AHD-master\problems\tsp_constructive\gpt.py", line 1
    importance, using a hybrid scoring system that combines normalized metrics with a penalty for node centrality to encourage diverse paths while maintaining efficiency.}
                                                                                                                                                                          ^
SyntaxError: unmatched '}'

During handling of the above exception, another exception occurred:

Traceback (most recent call last):
  File "D:\MCTS-AHD-master\problems\tsp_constructive\eval.py", line 13, in <module>
    from gpt import select_next_node
  File "D:\MCTS-AHD-master\problems\tsp_constructive\gpt.py", line 1
    importance, using a hybrid scoring system that combines normalized metrics with a penalty for node centrality to encourage diverse paths while maintaining efficiency.}
                                                                                                                                                                          ^
SyntaxError: unmatched '}'
