Traceback (most recent call last):
  File "D:\MCTS-AHD-master\problems\tsp_constructive\eval.py", line 11, in <module>
    from gpt import select_next_node_v2 as select_next_node
  File "D:\MCTS-AHD-master\problems\tsp_constructive\gpt.py", line 1
    importance metric that combines centrality with local density, while introducing a progress-aware penalty mechanism to balance short-term gains with long-term efficiency.}
                                                                                                                                                                              ^
SyntaxError: unmatched '}'

During handling of the above exception, another exception occurred:

Traceback (most recent call last):
  File "D:\MCTS-AHD-master\problems\tsp_constructive\eval.py", line 13, in <module>
    from gpt import select_next_node
  File "D:\MCTS-AHD-master\problems\tsp_constructive\gpt.py", line 1
    importance metric that combines centrality with local density, while introducing a progress-aware penalty mechanism to balance short-term gains with long-term efficiency.}
                                                                                                                                                                              ^
SyntaxError: unmatched '}'
