Traceback (most recent call last):
  File "D:\MCTS-AHD-master\problems\tsp_constructive\eval.py", line 11, in <module>
    from gpt import select_next_node_v2 as select_next_node
  File "D:\MCTS-AHD-master\problems\tsp_constructive\gpt.py", line 12
    dynamic_weight = 0.2 * (1 - (remaining_nodes / total_nodes)) + 0.8 * (centrality_factor / max(sum(distance_matrix[node][n] for n in unvisited_nodes if n != node) for n in unvisited_nodes, default=1))
                                                                                                  ^^^^^^^^^^^^^^^^^^^^^^^^^^^^^^^^^^^^^^^^^^^^^^^^^^^^^^^^^^^^^^^^^^^^^^^^^^^^^^^^^^^^^^^^^^^^
SyntaxError: Generator expression must be parenthesized

During handling of the above exception, another exception occurred:

Traceback (most recent call last):
  File "D:\MCTS-AHD-master\problems\tsp_constructive\eval.py", line 13, in <module>
    from gpt import select_next_node
  File "D:\MCTS-AHD-master\problems\tsp_constructive\gpt.py", line 12
    dynamic_weight = 0.2 * (1 - (remaining_nodes / total_nodes)) + 0.8 * (centrality_factor / max(sum(distance_matrix[node][n] for n in unvisited_nodes if n != node) for n in unvisited_nodes, default=1))
                                                                                                  ^^^^^^^^^^^^^^^^^^^^^^^^^^^^^^^^^^^^^^^^^^^^^^^^^^^^^^^^^^^^^^^^^^^^^^^^^^^^^^^^^^^^^^^^^^^^
SyntaxError: Generator expression must be parenthesized
