Traceback (most recent call last):
  File "D:\MCTS-AHD-master\problems\tsp_constructive\eval.py", line 11, in <module>
    from gpt import select_next_node_v2 as select_next_node
  File "D:\MCTS-AHD-master\problems\tsp_constructive\gpt.py", line 1
    defaults to the destination node if its direct distance is ≤110% of the best ratio, balancing exploration and destination proximity with a more aggressive approach to destination focus.}
                                                               ^
SyntaxError: invalid character '≤' (U+2264)

During handling of the above exception, another exception occurred:

Traceback (most recent call last):
  File "D:\MCTS-AHD-master\problems\tsp_constructive\eval.py", line 13, in <module>
    from gpt import select_next_node
  File "D:\MCTS-AHD-master\problems\tsp_constructive\gpt.py", line 1
    defaults to the destination node if its direct distance is ≤110% of the best ratio, balancing exploration and destination proximity with a more aggressive approach to destination focus.}
                                                               ^
SyntaxError: invalid character '≤' (U+2264)
